i:\code\server2021\tcpclinet\tcpsingleclinet\x64\debug\vc141.pdb
i:\code\server2021\tcpclinet\tcpsingleclinet\x64\debug\vc141.idb
i:\code\server2021\tcpclinet\tcpsingleclinet\x64\debug\main.obj
i:\code\server2021\tcpclinet\tcpsingleclinet\x64\debug\tcpclient.obj
i:\code\server2021\tcpclinet\x64\debug\tcpclinet.pdb
i:\code\server2021\tcpclinet\tcpsingleclinet\x64\debug\tcpclinet.tlog\cl.command.1.tlog
i:\code\server2021\tcpclinet\tcpsingleclinet\x64\debug\tcpclinet.tlog\cl.read.1.tlog
i:\code\server2021\tcpclinet\tcpsingleclinet\x64\debug\tcpclinet.tlog\cl.write.1.tlog
i:\code\server2021\tcpclinet\tcpsingleclinet\x64\debug\tcpclinet.tlog\link-cvtres.read.1.tlog
i:\code\server2021\tcpclinet\tcpsingleclinet\x64\debug\tcpclinet.tlog\link-cvtres.write.1.tlog
i:\code\server2021\tcpclinet\tcpsingleclinet\x64\debug\tcpclinet.tlog\link-rc.read.1.tlog
i:\code\server2021\tcpclinet\tcpsingleclinet\x64\debug\tcpclinet.tlog\link-rc.write.1.tlog
i:\code\server2021\tcpclinet\tcpsingleclinet\x64\debug\tcpclinet.tlog\link.15880-cvtres.read.1.tlog
i:\code\server2021\tcpclinet\tcpsingleclinet\x64\debug\tcpclinet.tlog\link.15880-cvtres.write.1.tlog
i:\code\server2021\tcpclinet\tcpsingleclinet\x64\debug\tcpclinet.tlog\link.15880-rc.read.1.tlog
i:\code\server2021\tcpclinet\tcpsingleclinet\x64\debug\tcpclinet.tlog\link.15880-rc.write.1.tlog
i:\code\server2021\tcpclinet\tcpsingleclinet\x64\debug\tcpclinet.tlog\link.15880.read.1.tlog
i:\code\server2021\tcpclinet\tcpsingleclinet\x64\debug\tcpclinet.tlog\link.15880.write.1.tlog
i:\code\server2021\tcpclinet\tcpsingleclinet\x64\debug\tcpclinet.tlog\link.command.1.tlog
i:\code\server2021\tcpclinet\tcpsingleclinet\x64\debug\tcpclinet.tlog\link.read.1.tlog
i:\code\server2021\tcpclinet\tcpsingleclinet\x64\debug\tcpclinet.tlog\link.write.1.tlog
